Flutter crash report.
Please report a bug at https://github.com/flutter/flutter/issues.

## command

flutter run --machine --start-paused -d 00008101-000A00DE34F9001E --devtools-server-address http://127.0.0.1:9101/ --target /Users/marie/chromaniac/lib/main.dart

## exception

SocketException: SocketException: Send failed (OS Error: No route to host, errno = 65), address = 0.0.0.0, port = 5353

```
#0      _NativeSocket.send (dart:io-patch/socket_patch.dart:1275:34)
#1      _RawDatagramSocket.send (dart:io-patch/socket_patch.dart:2590:15)
#2      MDnsClient.lookup (package:multicast_dns/multicast_dns.dart:219:22)
#3      MDnsVmServiceDiscovery._pollingVmService (package:flutter_tools/src/mdns_discovery.dart:232:66)
<asynchronous suspension>
#4      MDnsVmServiceDiscovery.firstMatchingVmService (package:flutter_tools/src/mdns_discovery.dart:188:56)
<asynchronous suspension>
#5      MDnsVmServiceDiscovery.getVMServiceUriForLaunch (package:flutter_tools/src/mdns_discovery.dart:433:50)
<asynchronous suspension>
#6      Future.any.onValue (dart:async/future.dart:628:5)
<asynchronous suspension>
```

## flutter doctor

```
[✓] Flutter (Channel stable, 3.24.5, on macOS 15.2 24C101 darwin-arm64, locale fr-CA)
    • Flutter version 3.24.5 on channel stable at /Users/marie/development/flutter
    • Upstream repository https://github.com/flutter/flutter.git
    • Framework revision dec2ee5c1f (5 weeks ago), 2024-11-13 11:13:06 -0800
    • Engine revision a18df97ca5
    • Dart version 3.5.4
    • DevTools version 2.37.3

[✓] Android toolchain - develop for Android devices (Android SDK version 34.0.0)
    • Android SDK at /Users/marie/Library/Android/sdk
    • Platform android-34, build-tools 34.0.0
    • Java binary at: /Applications/Android Studio.app/Contents/jbr/Contents/Home/bin/java
    • Java version OpenJDK Runtime Environment (build 21.0.3+-79915917-b509.11)
    • All Android licenses accepted.

[✓] Xcode - develop for iOS and macOS (Xcode 16.2)
    • Xcode at /Applications/Xcode.app/Contents/Developer
    • Build 16C5032a
    • CocoaPods version 1.16.2

[✓] Chrome - develop for the web
    • CHROME_EXECUTABLE = /Applications/Microsoft Edge.app/Contents/MacOS/Microsoft Edge

[✓] Android Studio (version 2024.2)
    • Android Studio at /Applications/Android Studio.app/Contents
    • Flutter plugin can be installed from:
      🔨 https://plugins.jetbrains.com/plugin/9212-flutter
    • Dart plugin can be installed from:
      🔨 https://plugins.jetbrains.com/plugin/6351-dart
    • Java version OpenJDK Runtime Environment (build 21.0.3+-79915917-b509.11)

[✓] VS Code (version 1.96.0)
    • VS Code at /Applications/Visual Studio Code.app/Contents
    • Flutter extension version 3.102.0

[✓] Connected device (5 available)
    • iPhone de Marie-Sarah (mobile)  • 00008101-001544420104001E • ios            • iOS 18.2 22C152
    • iPad de Marie-Sarah (mobile)    • 00008101-000A00DE34F9001E • ios            • iOS 18.2 22C152
    • macOS (desktop)                 • macos                     • darwin-arm64   • macOS 15.2 24C101 darwin-arm64
    • Mac Designed for iPad (desktop) • mac-designed-for-ipad     • darwin         • macOS 15.2 24C101 darwin-arm64
    • Chrome (web)                    • chrome                    • web-javascript • Microsoft Edge 131.0.2903.99

[✓] Network resources
    • All expected network resources are available.

• No issues found!
```
